Release 14.7 - xst P.20131013 (nt64)
Copyright (c) 1995-2013 Xilinx, Inc.  All rights reserved.
--> Parameter TMPDIR set to xst/projnav.tmp


Total REAL time to Xst completion: 0.00 secs
Total CPU time to Xst completion: 0.11 secs
 
--> Parameter xsthdpdir set to xst


Total REAL time to Xst completion: 0.00 secs
Total CPU time to Xst completion: 0.11 secs
 
--> Reading design: conv_adic.prj

TABLE OF CONTENTS
  1) Synthesis Options Summary
  2) HDL Compilation
  3) Design Hierarchy Analysis
  4) HDL Analysis
  5) HDL Synthesis
     5.1) HDL Synthesis Report
  6) Advanced HDL Synthesis
     6.1) Advanced HDL Synthesis Report
  7) Low Level Synthesis
  8) Partition Report
  9) Final Report
	9.1) Device utilization summary
	9.2) Partition Resource Summary
	9.3) TIMING REPORT


=========================================================================
*                      Synthesis Options Summary                        *
=========================================================================
---- Source Parameters
Input File Name                    : "conv_adic.prj"
Input Format                       : mixed
Ignore Synthesis Constraint File   : NO

---- Target Parameters
Output File Name                   : "conv_adic"
Output Format                      : NGC
Target Device                      : xc3s200-4-pq208

---- Source Options
Top Module Name                    : conv_adic
Automatic FSM Extraction           : YES
FSM Encoding Algorithm             : Auto
Safe Implementation                : No
FSM Style                          : LUT
RAM Extraction                     : Yes
RAM Style                          : Auto
ROM Extraction                     : Yes
Mux Style                          : Auto
Decoder Extraction                 : YES
Priority Encoder Extraction        : Yes
Shift Register Extraction          : YES
Logical Shifter Extraction         : YES
XOR Collapsing                     : YES
ROM Style                          : Auto
Mux Extraction                     : Yes
Resource Sharing                   : YES
Asynchronous To Synchronous        : NO
Multiplier Style                   : Auto
Automatic Register Balancing       : No

---- Target Options
Add IO Buffers                     : YES
Global Maximum Fanout              : 100000
Add Generic Clock Buffer(BUFG)     : 8
Register Duplication               : YES
Slice Packing                      : YES
Optimize Instantiated Primitives   : NO
Use Clock Enable                   : Yes
Use Synchronous Set                : Yes
Use Synchronous Reset              : Yes
Pack IO Registers into IOBs        : Auto
Equivalent register Removal        : YES

---- General Options
Optimization Goal                  : Speed
Optimization Effort                : 1
Keep Hierarchy                     : No
Netlist Hierarchy                  : As_Optimized
RTL Output                         : Yes
Global Optimization                : AllClockNets
Read Cores                         : YES
Write Timing Constraints           : NO
Cross Clock Analysis               : NO
Hierarchy Separator                : /
Bus Delimiter                      : <>
Case Specifier                     : Maintain
Slice Utilization Ratio            : 100
BRAM Utilization Ratio             : 100
Verilog 2001                       : YES
Auto BRAM Packing                  : NO
Slice Utilization Ratio Delta      : 5

=========================================================================


=========================================================================
*                          HDL Compilation                              *
=========================================================================
Compiling verilog file "conv_adic.v" in library work
Module <conv_adic> compiled
No errors in compilation
Analysis of file <"conv_adic.prj"> succeeded.
 

=========================================================================
*                     Design Hierarchy Analysis                         *
=========================================================================
Analyzing hierarchy for module <conv_adic> in library <work>.


=========================================================================
*                            HDL Analysis                               *
=========================================================================
Analyzing top module <conv_adic>.
Module <conv_adic> is correct for synthesis.
 

=========================================================================
*                           HDL Synthesis                               *
=========================================================================

Performing bidirectional port resolution...

Synthesizing Unit <conv_adic>.
    Related source file is "conv_adic.v".
    Found 1-bit register for signal <complete>.
    Found 4-bit comparator greatequal for signal <complete$cmp_ge0000> created at line 74.
    Found 8-bit register for signal <dp>.
    Found 4-bit comparator less for signal <dp$cmp_lt0000> created at line 81.
    Found 4-bit up accumulator for signal <ove>.
    Found 4-bit comparator less for signal <ove$cmp_lt0000> created at line 78.
    Found 4-bit comparator less for signal <ove$cmp_lt0001> created at line 79.
    Found 4-bit up counter for signal <state>.
    Found 8-bit register for signal <und>.
    Found 4-bit comparator greatequal for signal <und_0$cmp_ge0000> created at line 81.
    Summary:
	inferred   1 Counter(s).
	inferred   1 Accumulator(s).
	inferred  17 D-type flip-flop(s).
	inferred   5 Comparator(s).
Unit <conv_adic> synthesized.


=========================================================================
HDL Synthesis Report

Macro Statistics
# Counters                                             : 1
 4-bit up counter                                      : 1
# Accumulators                                         : 1
 4-bit up accumulator                                  : 1
# Registers                                            : 10
 1-bit register                                        : 9
 8-bit register                                        : 1
# Comparators                                          : 5
 4-bit comparator greatequal                           : 2
 4-bit comparator less                                 : 3

=========================================================================

=========================================================================
*                       Advanced HDL Synthesis                          *
=========================================================================

WARNING:Xst:1710 - FF/Latch <und_0> (without init value) has a constant value of 0 in block <conv_adic>. This FF/Latch will be trimmed during the optimization process.
WARNING:Xst:1895 - Due to other FF/Latch trimming, FF/Latch <und_1> (without init value) has a constant value of 0 in block <conv_adic>. This FF/Latch will be trimmed during the optimization process.
WARNING:Xst:1895 - Due to other FF/Latch trimming, FF/Latch <und_2> (without init value) has a constant value of 0 in block <conv_adic>. This FF/Latch will be trimmed during the optimization process.
WARNING:Xst:1895 - Due to other FF/Latch trimming, FF/Latch <und_3> (without init value) has a constant value of 0 in block <conv_adic>. This FF/Latch will be trimmed during the optimization process.
WARNING:Xst:1895 - Due to other FF/Latch trimming, FF/Latch <und_4> (without init value) has a constant value of 0 in block <conv_adic>. This FF/Latch will be trimmed during the optimization process.
WARNING:Xst:1895 - Due to other FF/Latch trimming, FF/Latch <und_5> (without init value) has a constant value of 0 in block <conv_adic>. This FF/Latch will be trimmed during the optimization process.
WARNING:Xst:1895 - Due to other FF/Latch trimming, FF/Latch <und_6> (without init value) has a constant value of 0 in block <conv_adic>. This FF/Latch will be trimmed during the optimization process.
WARNING:Xst:1895 - Due to other FF/Latch trimming, FF/Latch <und_7> (without init value) has a constant value of 0 in block <conv_adic>. This FF/Latch will be trimmed during the optimization process.

=========================================================================
Advanced HDL Synthesis Report

Macro Statistics
# Counters                                             : 1
 4-bit up counter                                      : 1
# Accumulators                                         : 1
 4-bit up accumulator                                  : 1
# Registers                                            : 9
 Flip-Flops                                            : 9
# Comparators                                          : 4
 4-bit comparator greatequal                           : 2
 4-bit comparator less                                 : 2

=========================================================================

=========================================================================
*                         Low Level Synthesis                           *
=========================================================================
WARNING:Xst:1710 - FF/Latch <und_0> (without init value) has a constant value of 0 in block <conv_adic>. This FF/Latch will be trimmed during the optimization process.
WARNING:Xst:1895 - Due to other FF/Latch trimming, FF/Latch <und_1> (without init value) has a constant value of 0 in block <conv_adic>. This FF/Latch will be trimmed during the optimization process.
WARNING:Xst:1895 - Due to other FF/Latch trimming, FF/Latch <und_2> (without init value) has a constant value of 0 in block <conv_adic>. This FF/Latch will be trimmed during the optimization process.
WARNING:Xst:1895 - Due to other FF/Latch trimming, FF/Latch <und_3> (without init value) has a constant value of 0 in block <conv_adic>. This FF/Latch will be trimmed during the optimization process.
WARNING:Xst:1895 - Due to other FF/Latch trimming, FF/Latch <und_4> (without init value) has a constant value of 0 in block <conv_adic>. This FF/Latch will be trimmed during the optimization process.
WARNING:Xst:1895 - Due to other FF/Latch trimming, FF/Latch <und_5> (without init value) has a constant value of 0 in block <conv_adic>. This FF/Latch will be trimmed during the optimization process.
WARNING:Xst:1895 - Due to other FF/Latch trimming, FF/Latch <und_6> (without init value) has a constant value of 0 in block <conv_adic>. This FF/Latch will be trimmed during the optimization process.
WARNING:Xst:1895 - Due to other FF/Latch trimming, FF/Latch <und_7> (without init value) has a constant value of 0 in block <conv_adic>. This FF/Latch will be trimmed during the optimization process.

Optimizing unit <conv_adic> ...

Mapping all equations...
Building and optimizing final netlist ...
Found area constraint ratio of 100 (+ 5) on block conv_adic, actual ratio is 1.

Final Macro Processing ...

=========================================================================
Final Register Report

Macro Statistics
# Registers                                            : 9
 Flip-Flops                                            : 9

=========================================================================

=========================================================================
*                           Partition Report                            *
=========================================================================

Partition Implementation Status
-------------------------------

  No Partitions were found in this design.

-------------------------------

=========================================================================
*                            Final Report                               *
=========================================================================
Final Results
RTL Top Level Output File Name     : conv_adic.ngr
Top Level Output File Name         : conv_adic
Output Format                      : NGC
Optimization Goal                  : Speed
Keep Hierarchy                     : No

Design Statistics
# IOs                              : 54

Cell Usage :
# BELS                             : 48
#      GND                         : 1
#      LUT2                        : 8
#      LUT3                        : 7
#      LUT3_D                      : 1
#      LUT3_L                      : 1
#      LUT4                        : 22
#      LUT4_D                      : 2
#      LUT4_L                      : 3
#      MUXF5                       : 2
#      VCC                         : 1
# FlipFlops/Latches                : 9
#      FD                          : 3
#      FDE                         : 4
#      FDR                         : 2
# Clock Buffers                    : 1
#      BUFGP                       : 1
# IO Buffers                       : 33
#      IBUF                        : 20
#      OBUF                        : 13
=========================================================================

Device utilization summary:
---------------------------

Selected Device : 3s200pq208-4 

 Number of Slices:                       25  out of   1920     1%  
 Number of Slice Flip Flops:              9  out of   3840     0%  
 Number of 4 input LUTs:                 44  out of   3840     1%  
 Number of IOs:                          54
 Number of bonded IOBs:                  34  out of    141    24%  
 Number of GCLKs:                         1  out of      8    12%  

---------------------------
Partition Resource Summary:
---------------------------

  No Partitions were found in this design.

---------------------------


=========================================================================
TIMING REPORT

NOTE: THESE TIMING NUMBERS ARE ONLY A SYNTHESIS ESTIMATE.
      FOR ACCURATE TIMING INFORMATION PLEASE REFER TO THE TRACE REPORT
      GENERATED AFTER PLACE-and-ROUTE.

Clock Information:
------------------
-----------------------------------+------------------------+-------+
Clock Signal                       | Clock buffer(FF name)  | Load  |
-----------------------------------+------------------------+-------+
CLK                                | BUFGP                  | 9     |
-----------------------------------+------------------------+-------+

Asynchronous Control Signals Information:
----------------------------------------
No asynchronous control signals found in this design

Timing Summary:
---------------
Speed Grade: -4

   Minimum period: 9.301ns (Maximum Frequency: 107.515MHz)
   Minimum input arrival time before clock: 11.624ns
   Maximum output required time after clock: 7.285ns
   Maximum combinational path delay: No path found

Timing Detail:
--------------
All values displayed in nanoseconds (ns)

=========================================================================
Timing constraint: Default period analysis for Clock 'CLK'
  Clock period: 9.301ns (frequency: 107.515MHz)
  Total number of paths / destination ports: 263 / 13
-------------------------------------------------------------------------
Delay:               9.301ns (Levels of Logic = 6)
  Source:            state_3 (FF)
  Destination:       ove_0 (FF)
  Source Clock:      CLK rising
  Destination Clock: CLK rising

  Data Path: state_3 to ove_0
                                Gate     Net
    Cell:in->out      fanout   Delay   Delay  Logical Name (Net Name)
    ----------------------------------------  ------------
     FD:C->Q               9   0.720   1.192  state_3 (state_3)
     LUT3:I2->O            3   0.551   0.975  ove_cmp_lt00011139 (ove_cmp_lt00011139)
     LUT4:I2->O            1   0.551   0.000  ove_cmp_lt0001197_SW1_F (N9)
     MUXF5:I0->O           1   0.360   0.827  ove_cmp_lt0001197_SW1 (N5)
     LUT4:I3->O            1   0.551   0.827  ove_cmp_lt00011286 (ove_cmp_lt00011286)
     LUT4_D:I3->LO         1   0.551   0.126  ove_cmp_lt00011333 (N19)
     LUT4:I3->O            4   0.551   0.917  ove_not0001342 (ove_not0001)
     FDE:CE                    0.602          ove_0
    ----------------------------------------
    Total                      9.301ns (4.437ns logic, 4.864ns route)
                                       (47.7% logic, 52.3% route)

=========================================================================
Timing constraint: Default OFFSET IN BEFORE for Clock 'CLK'
  Total number of paths / destination ports: 452 / 8
-------------------------------------------------------------------------
Offset:              11.624ns (Levels of Logic = 8)
  Source:            deci2<8> (PAD)
  Destination:       ove_0 (FF)
  Destination Clock: CLK rising

  Data Path: deci2<8> to ove_0
                                Gate     Net
    Cell:in->out      fanout   Delay   Delay  Logical Name (Net Name)
    ----------------------------------------  ------------
     IBUF:I->O             2   0.821   1.216  deci2_8_IBUF (deci2_8_IBUF)
     LUT4:I0->O            1   0.551   0.827  ove_cmp_lt00011159_SW0_SW0 (N11)
     LUT4:I3->O            1   0.551   1.140  ove_cmp_lt00011159_SW0 (N0)
     LUT4_L:I0->LO         1   0.551   0.295  ove_cmp_lt00011203 (ove_cmp_lt00011203)
     LUT4:I1->O            1   0.551   0.996  ove_cmp_lt00011269 (ove_cmp_lt00011269)
     LUT4:I1->O            1   0.551   0.827  ove_cmp_lt00011286 (ove_cmp_lt00011286)
     LUT4_D:I3->LO         1   0.551   0.126  ove_cmp_lt00011333 (N19)
     LUT4:I3->O            4   0.551   0.917  ove_not0001342 (ove_not0001)
     FDE:CE                    0.602          ove_0
    ----------------------------------------
    Total                     11.624ns (5.280ns logic, 6.344ns route)
                                       (45.4% logic, 54.6% route)

=========================================================================
Timing constraint: Default OFFSET OUT AFTER for Clock 'CLK'
  Total number of paths / destination ports: 5 / 5
-------------------------------------------------------------------------
Offset:              7.285ns (Levels of Logic = 1)
  Source:            ove_0 (FF)
  Destination:       digit<8> (PAD)
  Source Clock:      CLK rising

  Data Path: ove_0 to digit<8>
                                Gate     Net
    Cell:in->out      fanout   Delay   Delay  Logical Name (Net Name)
    ----------------------------------------  ------------
     FDE:C->Q              5   0.720   0.921  ove_0 (ove_0)
     OBUF:I->O                 5.644          digit_8_OBUF (digit<8>)
    ----------------------------------------
    Total                      7.285ns (6.364ns logic, 0.921ns route)
                                       (87.4% logic, 12.6% route)

=========================================================================


Total REAL time to Xst completion: 4.00 secs
Total CPU time to Xst completion: 4.02 secs
 
--> 

Total memory usage is 290084 kilobytes

Number of errors   :    0 (   0 filtered)
Number of warnings :   16 (   0 filtered)
Number of infos    :    0 (   0 filtered)

