Release 14.7 Map P.20131013 (nt64)
Xilinx Mapping Report File for Design 'MB_INTERFACE'

Design Information
------------------
Command Line   : map -intstyle ise -p xc3s200-pq208-4 -cm area -ir off -pr off
-c 100 -o MB_INTERFACE_map.ncd MB_INTERFACE.ngd MB_INTERFACE.pcf 
Target Device  : xc3s200
Target Package : pq208
Target Speed   : -4
Mapper Version : spartan3 -- $Revision: 1.55 $
Mapped Date    : Fri Dec 01 15:35:56 2017

Design Summary
--------------
Number of errors:      0
Number of warnings:    1
Logic Utilization:
  Number of Slice Flip Flops:           946 out of   3,840   24%
  Number of 4 input LUTs:             2,920 out of   3,840   76%
Logic Distribution:
  Number of occupied Slices:          1,636 out of   1,920   85%
    Number of Slices containing only related logic:   1,636 out of   1,636 100%
    Number of Slices containing unrelated logic:          0 out of   1,636   0%
      *See NOTES below for an explanation of the effects of unrelated logic.
  Total Number of 4 input LUTs:       2,978 out of   3,840   77%
    Number used as logic:             2,920
    Number used as a route-thru:         58

  The Slice Logic Distribution report is not meaningful if the design is
  over-mapped for a non-slice resource or if Placement fails.

  Number of bonded IOBs:                112 out of     141   79%
  Number of RAMB16s:                      5 out of      12   41%
  Number of MULT18X18s:                   4 out of      12   33%
  Number of BUFGMUXs:                     2 out of       8   25%

Average Fanout of Non-Clock Nets:                3.76

Peak Memory Usage:  290 MB
Total REAL time to MAP completion:  21 secs 
Total CPU time to MAP completion:   17 secs 

NOTES:

   Related logic is defined as being logic that shares connectivity - e.g. two
   LUTs are "related" if they share common inputs.  When assembling slices,
   Map gives priority to combine logic that is related.  Doing so results in
   the best timing performance.

   Unrelated logic shares no connectivity.  Map will only begin packing
   unrelated logic into a slice once 99% of the slices are occupied through
   related logic packing.

   Note that once logic distribution reaches the 99% level through related
   logic packing, this does not mean the device is completely utilized.
   Unrelated logic packing will then begin, continuing until all usable LUTs
   and FFs are occupied.  Depending on your timing budget, increased levels of
   unrelated logic packing may adversely affect the overall timing performance
   of your design.

Table of Contents
-----------------
Section 1 - Errors
Section 2 - Warnings
Section 3 - Informational
Section 4 - Removed Logic Summary
Section 5 - Removed Logic
Section 6 - IOB Properties
Section 7 - RPMs
Section 8 - Guide Report
Section 9 - Area Group and Partition Summary
Section 10 - Timing Report
Section 11 - Configuration String Information
Section 12 - Control Set Information
Section 13 - Utilization by Hierarchy

Section 1 - Errors
------------------

Section 2 - Warnings
--------------------
WARNING:Pack:266 - The function generator LCD_DATA_mux0001<1>31 failed to merge
   with F5 multiplexer LCD_DATA_mux0001<4>1761_f5.  There is a conflict for the
   FXMUX.  The design will exhibit suboptimal timing.

Section 3 - Informational
-------------------------
INFO:MapLib:562 - No environment variables are currently set.
INFO:LIT:244 - All of the single ended outputs in this design are using slew
   rate limited output drivers. The delay on speed critical single ended outputs
   can be dramatically reduced by designating them as fast outputs.

Section 4 - Removed Logic Summary
---------------------------------
   2 block(s) optimized away

Section 5 - Removed Logic
-------------------------

Optimized Block(s):
TYPE 		BLOCK
GND 		XST_GND
VCC 		XST_VCC

To enable printing of redundant blocks removed and signals merged, set the
detailed map report option and rerun map.

Section 6 - IOB Properties
--------------------------

+---------------------------------------------------------------------------------------------------------------------------------------------------------+
| IOB Name                           | Type             | Direction | IO Standard          | Diff  | Drive    | Slew | Reg (s)      | Resistor | IOB      |
|                                    |                  |           |                      | Term  | Strength | Rate |              |          | Delay    |
+---------------------------------------------------------------------------------------------------------------------------------------------------------+
| BCD_result_store<0>                | IOB              | OUTPUT    | LVCMOS25             |       | 12       | SLOW |              |          |          |
| BCD_result_store<1>                | IOB              | OUTPUT    | LVCMOS25             |       | 12       | SLOW |              |          |          |
| BCD_result_store<2>                | IOB              | OUTPUT    | LVCMOS25             |       | 12       | SLOW |              |          |          |
| BCD_result_store<3>                | IOB              | OUTPUT    | LVCMOS25             |       | 12       | SLOW |              |          |          |
| BCD_result_store<4>                | IOB              | OUTPUT    | LVCMOS25             |       | 12       | SLOW |              |          |          |
| BCD_result_store<5>                | IOB              | OUTPUT    | LVCMOS25             |       | 12       | SLOW |              |          |          |
| BCD_result_store<6>                | IOB              | OUTPUT    | LVCMOS25             |       | 12       | SLOW |              |          |          |
| BCD_result_store<7>                | IOB              | OUTPUT    | LVCMOS25             |       | 12       | SLOW |              |          |          |
| BCD_result_store<8>                | IOB              | OUTPUT    | LVCMOS25             |       | 12       | SLOW |              |          |          |
| BCD_result_store<9>                | IOB              | OUTPUT    | LVCMOS25             |       | 12       | SLOW |              |          |          |
| BCD_result_store<10>               | IOB              | OUTPUT    | LVCMOS25             |       | 12       | SLOW |              |          |          |
| BCD_result_store<11>               | IOB              | OUTPUT    | LVCMOS25             |       | 12       | SLOW |              |          |          |
| BCD_result_store<12>               | IOB              | OUTPUT    | LVCMOS25             |       | 12       | SLOW |              |          |          |
| BCD_result_store<13>               | IOB              | OUTPUT    | LVCMOS25             |       | 12       | SLOW |              |          |          |
| BCD_result_store<14>               | IOB              | OUTPUT    | LVCMOS25             |       | 12       | SLOW |              |          |          |
| BCD_result_store<15>               | IOB              | OUTPUT    | LVCMOS25             |       | 12       | SLOW |              |          |          |
| BCD_result_store<16>               | IOB              | OUTPUT    | LVCMOS25             |       | 12       | SLOW |              |          |          |
| BCD_result_store<17>               | IOB              | OUTPUT    | LVCMOS25             |       | 12       | SLOW |              |          |          |
| BCD_result_store<18>               | IOB              | OUTPUT    | LVCMOS25             |       | 12       | SLOW |              |          |          |
| BCD_result_store<19>               | IOB              | OUTPUT    | LVCMOS25             |       | 12       | SLOW |              |          |          |
| BCD_result_store<20>               | IOB              | OUTPUT    | LVCMOS25             |       | 12       | SLOW |              |          |          |
| BCD_result_store<21>               | IOB              | OUTPUT    | LVCMOS25             |       | 12       | SLOW |              |          |          |
| BCD_result_store<22>               | IOB              | OUTPUT    | LVCMOS25             |       | 12       | SLOW |              |          |          |
| BCD_result_store<23>               | IOB              | OUTPUT    | LVCMOS25             |       | 12       | SLOW |              |          |          |
| BCD_result_store<24>               | IOB              | OUTPUT    | LVCMOS25             |       | 12       | SLOW |              |          |          |
| BCD_result_store<25>               | IOB              | OUTPUT    | LVCMOS25             |       | 12       | SLOW |              |          |          |
| BCD_result_store<26>               | IOB              | OUTPUT    | LVCMOS25             |       | 12       | SLOW |              |          |          |
| BCD_result_store<27>               | IOB              | OUTPUT    | LVCMOS25             |       | 12       | SLOW |              |          |          |
| BUTTON_DOT_IN                      | IOB              | INPUT     | LVCMOS25             |       |          |      |              |          |          |
| BUTTON_EQUAL_IN                    | IOB              | INPUT     | LVCMOS25             |       |          |      |              |          |          |
| BUTTON_NUM_IN<0>                   | IOB              | INPUT     | LVCMOS25             |       |          |      |              |          |          |
| BUTTON_NUM_IN<1>                   | IOB              | INPUT     | LVCMOS25             |       |          |      |              |          |          |
| BUTTON_NUM_IN<2>                   | IOB              | INPUT     | LVCMOS25             |       |          |      |              |          |          |
| BUTTON_NUM_IN<3>                   | IOB              | INPUT     | LVCMOS25             |       |          |      |              |          |          |
| BUTTON_NUM_IN<4>                   | IOB              | INPUT     | LVCMOS25             |       |          |      |              |          |          |
| BUTTON_NUM_IN<5>                   | IOB              | INPUT     | LVCMOS25             |       |          |      |              |          |          |
| BUTTON_NUM_IN<6>                   | IOB              | INPUT     | LVCMOS25             |       |          |      |              |          |          |
| BUTTON_NUM_IN<7>                   | IOB              | INPUT     | LVCMOS25             |       |          |      |              |          |          |
| BUTTON_NUM_IN<8>                   | IOB              | INPUT     | LVCMOS25             |       |          |      |              |          |          |
| BUTTON_NUM_IN<9>                   | IOB              | INPUT     | LVCMOS25             |       |          |      |              |          |          |
| BUTTON_OPER_IN<0>                  | IOB              | INPUT     | LVCMOS25             |       |          |      |              |          |          |
| BUTTON_OPER_IN<1>                  | IOB              | INPUT     | LVCMOS25             |       |          |      |              |          |          |
| BUTTON_OPER_IN<2>                  | IOB              | INPUT     | LVCMOS25             |       |          |      |              |          |          |
| BUTTON_OPER_IN<3>                  | IOB              | INPUT     | LVCMOS25             |       |          |      |              |          |          |
| CLK_1MHz                           | IOB              | INPUT     | LVCMOS25             |       |          |      |              |          |          |
| CLK_1kHz                           | IOB              | INPUT     | LVCMOS25             |       |          |      |              |          |          |
| LCD_DATA<0>                        | IOB              | OUTPUT    | LVCMOS25             |       | 12       | SLOW |              |          |          |
| LCD_DATA<1>                        | IOB              | OUTPUT    | LVCMOS25             |       | 12       | SLOW |              |          |          |
| LCD_DATA<2>                        | IOB              | OUTPUT    | LVCMOS25             |       | 12       | SLOW |              |          |          |
| LCD_DATA<3>                        | IOB              | OUTPUT    | LVCMOS25             |       | 12       | SLOW |              |          |          |
| LCD_DATA<4>                        | IOB              | OUTPUT    | LVCMOS25             |       | 12       | SLOW |              |          |          |
| LCD_DATA<5>                        | IOB              | OUTPUT    | LVCMOS25             |       | 12       | SLOW |              |          |          |
| LCD_DATA<6>                        | IOB              | OUTPUT    | LVCMOS25             |       | 12       | SLOW |              |          |          |
| LCD_DATA<7>                        | IOB              | OUTPUT    | LVCMOS25             |       | 12       | SLOW |              |          |          |
| LCD_E                              | IOB              | OUTPUT    | LVCMOS25             |       | 12       | SLOW |              |          |          |
| LCD_RS                             | IOB              | OUTPUT    | LVCMOS25             |       | 12       | SLOW |              |          |          |
| LCD_RW                             | IOB              | OUTPUT    | LVCMOS25             |       | 12       | SLOW |              |          |          |
| LED                                | IOB              | OUTPUT    | LVCMOS25             |       | 12       | SLOW |              |          |          |
| RSTN                               | IOB              | INPUT     | LVCMOS25             |       |          |      |              |          |          |
| SHIFT_IN                           | IOB              | INPUT     | LVCMOS25             |       |          |      |              |          |          |
| cal_finish                         | IOB              | OUTPUT    | LVCMOS25             |       | 12       | SLOW |              |          |          |
| cal_result<0>                      | IOB              | OUTPUT    | LVCMOS25             |       | 12       | SLOW |              |          |          |
| cal_result<1>                      | IOB              | OUTPUT    | LVCMOS25             |       | 12       | SLOW |              |          |          |
| cal_result<2>                      | IOB              | OUTPUT    | LVCMOS25             |       | 12       | SLOW |              |          |          |
| cal_result<3>                      | IOB              | OUTPUT    | LVCMOS25             |       | 12       | SLOW |              |          |          |
| cal_result<4>                      | IOB              | OUTPUT    | LVCMOS25             |       | 12       | SLOW |              |          |          |
| cal_result<5>                      | IOB              | OUTPUT    | LVCMOS25             |       | 12       | SLOW |              |          |          |
| cal_result<6>                      | IOB              | OUTPUT    | LVCMOS25             |       | 12       | SLOW |              |          |          |
| cal_result<7>                      | IOB              | OUTPUT    | LVCMOS25             |       | 12       | SLOW |              |          |          |
| cal_result<8>                      | IOB              | OUTPUT    | LVCMOS25             |       | 12       | SLOW |              |          |          |
| cal_result<9>                      | IOB              | OUTPUT    | LVCMOS25             |       | 12       | SLOW |              |          |          |
| cal_result<10>                     | IOB              | OUTPUT    | LVCMOS25             |       | 12       | SLOW |              |          |          |
| cal_result<11>                     | IOB              | OUTPUT    | LVCMOS25             |       | 12       | SLOW |              |          |          |
| cal_result<12>                     | IOB              | OUTPUT    | LVCMOS25             |       | 12       | SLOW |              |          |          |
| cal_result<13>                     | IOB              | OUTPUT    | LVCMOS25             |       | 12       | SLOW |              |          |          |
| cal_result<14>                     | IOB              | OUTPUT    | LVCMOS25             |       | 12       | SLOW |              |          |          |
| cal_result<15>                     | IOB              | OUTPUT    | LVCMOS25             |       | 12       | SLOW |              |          |          |
| cal_result<16>                     | IOB              | OUTPUT    | LVCMOS25             |       | 12       | SLOW |              |          |          |
| cal_result<17>                     | IOB              | OUTPUT    | LVCMOS25             |       | 12       | SLOW |              |          |          |
| cal_result<18>                     | IOB              | OUTPUT    | LVCMOS25             |       | 12       | SLOW |              |          |          |
| cal_result<19>                     | IOB              | OUTPUT    | LVCMOS25             |       | 12       | SLOW |              |          |          |
| cal_result<20>                     | IOB              | OUTPUT    | LVCMOS25             |       | 12       | SLOW |              |          |          |
| cal_result<21>                     | IOB              | OUTPUT    | LVCMOS25             |       | 12       | SLOW |              |          |          |
| cal_result<22>                     | IOB              | OUTPUT    | LVCMOS25             |       | 12       | SLOW |              |          |          |
| cal_result<23>                     | IOB              | OUTPUT    | LVCMOS25             |       | 12       | SLOW |              |          |          |
| cal_result<24>                     | IOB              | OUTPUT    | LVCMOS25             |       | 12       | SLOW |              |          |          |
| cal_result<25>                     | IOB              | OUTPUT    | LVCMOS25             |       | 12       | SLOW |              |          |          |
| cal_result<26>                     | IOB              | OUTPUT    | LVCMOS25             |       | 12       | SLOW |              |          |          |
| cal_result<27>                     | IOB              | OUTPUT    | LVCMOS25             |       | 12       | SLOW |              |          |          |
| cal_result<28>                     | IOB              | OUTPUT    | LVCMOS25             |       | 12       | SLOW |              |          |          |
| cal_result<29>                     | IOB              | OUTPUT    | LVCMOS25             |       | 12       | SLOW |              |          |          |
| cal_result<30>                     | IOB              | OUTPUT    | LVCMOS25             |       | 12       | SLOW |              |          |          |
| cal_result<31>                     | IOB              | OUTPUT    | LVCMOS25             |       | 12       | SLOW |              |          |          |
| en_exp_cvstate                     | IOB              | OUTPUT    | LVCMOS25             |       | 12       | SLOW |              |          |          |
| exp_result<0>                      | IOB              | OUTPUT    | LVCMOS25             |       | 12       | SLOW |              |          |          |
| exp_result<1>                      | IOB              | OUTPUT    | LVCMOS25             |       | 12       | SLOW |              |          |          |
| exp_result<2>                      | IOB              | OUTPUT    | LVCMOS25             |       | 12       | SLOW |              |          |          |
| exp_result<3>                      | IOB              | OUTPUT    | LVCMOS25             |       | 12       | SLOW |              |          |          |
| exp_result<4>                      | IOB              | OUTPUT    | LVCMOS25             |       | 12       | SLOW |              |          |          |
| exp_result<5>                      | IOB              | OUTPUT    | LVCMOS25             |       | 12       | SLOW |              |          |          |
| exp_result<6>                      | IOB              | OUTPUT    | LVCMOS25             |       | 12       | SLOW |              |          |          |
| exp_result_BCD<0>                  | IOB              | OUTPUT    | LVCMOS25             |       | 12       | SLOW |              |          |          |
| exp_result_BCD<1>                  | IOB              | OUTPUT    | LVCMOS25             |       | 12       | SLOW |              |          |          |
| exp_result_BCD<2>                  | IOB              | OUTPUT    | LVCMOS25             |       | 12       | SLOW |              |          |          |
| exp_result_BCD<3>                  | IOB              | OUTPUT    | LVCMOS25             |       | 12       | SLOW |              |          |          |
| exp_result_BCD<4>                  | IOB              | OUTPUT    | LVCMOS25             |       | 12       | SLOW |              |          |          |
| exp_result_BCD<5>                  | IOB              | OUTPUT    | LVCMOS25             |       | 12       | SLOW |              |          |          |
| exp_result_BCD<6>                  | IOB              | OUTPUT    | LVCMOS25             |       | 12       | SLOW |              |          |          |
| exp_result_BCD<7>                  | IOB              | OUTPUT    | LVCMOS25             |       | 12       | SLOW |              |          |          |
| n2bstate<0>                        | IOB              | OUTPUT    | LVCMOS25             |       | 12       | SLOW |              |          |          |
| n2bstate<1>                        | IOB              | OUTPUT    | LVCMOS25             |       | 12       | SLOW |              |          |          |
| result_complete                    | IOB              | OUTPUT    | LVCMOS25             |       | 12       | SLOW |              |          |          |
+---------------------------------------------------------------------------------------------------------------------------------------------------------+

Section 7 - RPMs
----------------

Section 8 - Guide Report
------------------------
Guide not run on this design.

Section 9 - Area Group and Partition Summary
--------------------------------------------

Partition Implementation Status
-------------------------------

  No Partitions were found in this design.

-------------------------------

Area Group Information
----------------------

  No area groups were found in this design.

----------------------

Section 10 - Timing Report
--------------------------
This design was not run using timing mode.

Section 11 - Configuration String Details
-----------------------------------------
Use the "-detail" map option to print out Configuration Strings

Section 12 - Control Set Information
------------------------------------
No control set information for this architecture.

Section 13 - Utilization by Hierarchy
-------------------------------------
Use the "-detail" map option to print out the Utilization by Hierarchy section.
